c:\users\omri\documents\לימודים\שנה ד ואחרונה\סימסטר ז\מבוא לתכנות מערכות\hw3\ex3\factori\debug\vc142.pdb
c:\users\omri\documents\לימודים\שנה ד ואחרונה\סימסטר ז\מבוא לתכנות מערכות\hw3\ex3\factori\debug\vc142.idb
c:\users\omri\documents\לימודים\שנה ד ואחרונה\סימסטר ז\מבוא לתכנות מערכות\hw3\ex3\factori\debug\main.obj
c:\users\omri\documents\לימודים\שנה ד ואחרונה\סימסטר ז\מבוא לתכנות מערכות\hw3\ex3\factori\debug\factori.obj
c:\users\omri\documents\לימודים\שנה ד ואחרונה\סימסטר ז\מבוא לתכנות מערכות\hw3\ex3\factori\debug\queue.obj
c:\users\omri\documents\לימודים\שנה ד ואחרונה\סימסטר ז\מבוא לתכנות מערכות\hw3\ex3\factori\debug\primenum.obj
c:\users\omri\documents\לימודים\שנה ד ואחרונה\סימסטר ז\מבוא לתכנות מערכות\hw3\ex3\factori\debug\lock.obj
c:\users\omri\documents\matam_tests\ex3\ex3\factori\debug\vc142.pdb
c:\users\omri\documents\matam_tests\ex3\ex3\factori\debug\vc142.idb
c:\users\omri\documents\matam_tests\ex3\ex3\factori\debug\queue.obj
c:\users\omri\documents\matam_tests\ex3\ex3\factori\debug\primenum.obj
c:\users\omri\documents\matam_tests\ex3\ex3\factori\debug\main.obj
c:\users\omri\documents\matam_tests\ex3\ex3\factori\debug\lock.obj
c:\users\omri\documents\matam_tests\ex3\ex3\factori\debug\factori.obj
c:\users\omri\documents\לימודים\שנה ד ואחרונה\סימסטר ז\מבוא לתכנות מערכות\hw3\ex3\debug\factori.exe
c:\users\omri\documents\לימודים\שנה ד ואחרונה\סימסטר ז\מבוא לתכנות מערכות\hw3\ex3\debug\factori.ilk
c:\users\omri\documents\לימודים\שנה ד ואחרונה\סימסטר ז\מבוא לתכנות מערכות\hw3\ex3\debug\factori.pdb
c:\users\omri\documents\matam_tests\ex3\ex3\debug\factori.exe
c:\users\omri\documents\matam_tests\ex3\ex3\debug\factori.ilk
c:\users\omri\documents\matam_tests\ex3\ex3\debug\factori.pdb
c:\users\omri\documents\matam_tests\ex3\ex3\factori\debug\factori.tlog\cl.command.1.tlog
c:\users\omri\documents\matam_tests\ex3\ex3\factori\debug\factori.tlog\cl.read.1.tlog
c:\users\omri\documents\matam_tests\ex3\ex3\factori\debug\factori.tlog\cl.write.1.tlog
c:\users\omri\documents\matam_tests\ex3\ex3\factori\debug\factori.tlog\link.command.1.tlog
c:\users\omri\documents\matam_tests\ex3\ex3\factori\debug\factori.tlog\link.read.1.tlog
c:\users\omri\documents\matam_tests\ex3\ex3\factori\debug\factori.tlog\link.write.1.tlog
